This is pdfTeX, Version 3.14159265-2.6-1.40.20 (TeX Live 2019/Debian) (preloaded format=pdfetex 2020.12.1)  1 DEC 2020 14:59
entering extended mode
 restricted \write18 enabled.
 file:line:error style messages enabled.
 %&-line parsing enabled.
**\nonstopmode \input ./xforms.texi \input ./xforms.texi
(./xforms.texi (/usr/share/texmf/tex/texinfo/texinfo.tex
Loading texinfo [version 2019-09-20.22]:
\outerhsize=\dimen16
\outervsize=\dimen17
\topandbottommargin=\dimen18
\bindingoffset=\dimen19
\normaloffset=\dimen20
\txipagewidth=\dimen21
\txipageheight=\dimen22
\defaultoutput=\toks13
\headlinebox=\box16
\footlinebox=\box17
\savedtopmark=\toks14
\margin=\insert252
\EMsimple=\toks15
\groupbox=\box18
\groupinvalidhelp=\toks16
\mil=\dimen23
\exdentamount=\skip18
\inmarginspacing=\skip19
\centerpenalty=\count27
 pdf,
\tempnum=\count28
\lnkcount=\count29
\filename=\toks17
\filenamelength=\count30
\pgn=\count31
\toksA=\toks18
\toksB=\toks19
\toksC=\toks20
\toksD=\toks21
\boxA=\box19
\boxB=\box20
\countA=\count32
\nopdfimagehelp=\toks22
 fonts,
\textleading=\dimen24
\sffam=\fam8
 markup,
\fontdepth=\count33
 glyphs,
\errorbox=\box21

page headings,
\titlepagetopglue=\skip20
\titlepagebottomglue=\skip21
\evenheadline=\toks23
\oddheadline=\toks24
\evenfootline=\toks25
\oddfootline=\toks26
 tables,
\tableindent=\dimen25
\itemindent=\dimen26
\itemmargin=\dimen27
\itemmax=\dimen28
\itemno=\count34
\multitableparskip=\skip22
\multitableparindent=\skip23
\multitablecolspace=\dimen29
\multitablelinespace=\skip24
\colcount=\count35
\everytab=\toks27
 conditionals,
\doignorecount=\count36
 indexing,
\dummybox=\box22
\whatsitskip=\skip25
\whatsitpenalty=\count37
\entryrightmargin=\dimen30
\thinshrinkable=\skip26
\partialpage=\box23
\doublecolumnhsize=\dimen31
\balancedcolumns=\box24
 sectioning,
\unnumberedno=\count38
\chapno=\count39
\secno=\count40
\subsecno=\count41
\subsubsecno=\count42
\appendixno=\count43
\absseclevel=\count44
\secbase=\count45
\chapheadingskip=\skip27
\secheadingskip=\skip28
\subsecheadingskip=\skip29
 toc,
\tocfile=\write0
\contentsrightmargin=\skip30
\savepageno=\count46
\lastnegativepageno=\count47
\tocindent=\dimen32
 environments,
\lispnarrowing=\skip31
\envskipamount=\skip32
\lskip=\skip33
\rskip=\skip34
\circthick=\dimen33
\cartouter=\dimen34
\cartinner=\dimen35
\normbskip=\skip35
\normpskip=\skip36
\normlskip=\skip37
\nonfillparindent=\dimen36
\tabw=\dimen37
\verbbox=\box25

defuns,
\defbodyindent=\skip38
\defargsindent=\skip39
\deflastargmargin=\skip40
\defunpenalty=\count48
\parencount=\count49
\brackcount=\count50
 macros,
\paramno=\count51
\macname=\toks28
 cross references,
\auxfile=\write1
\savesfregister=\count52
\toprefbox=\box26
\printedrefnamebox=\box27
\infofilenamebox=\box28
\printedmanualbox=\box29
 insertions,
\footnoteno=\count53
\SAVEfootins=\box30
\SAVEmargin=\box31
\noepsfhelp=\toks29
 localization,
\nolanghelp=\toks30
\countUTFx=\count54
\countUTFy=\count55
\countUTFz=\count56
 formatting,
\defaultparindent=\dimen38

and turning on texinfo input format.) [1{/var/lib/texmf/fonts/map/pdftex/updmap
/pdftex.map}]
(/disks/vol1/jon/projects/jlighting_system_NEW/jlc_linuxgui/xforms-1.2.5pre1/do
c/xforms.toc [-1] [-2] [-3] [-4] [-5] [-6] [-7] [-8]) [-9]
(/disks/vol1/jon/projects/jlighting_system_NEW/jlc_linuxgui/xforms-1.2.5pre1/do
c/xforms.toc)
(/disks/vol1/jon/projects/jlighting_system_NEW/jlc_linuxgui/xforms-1.2.5pre1/do
c/xforms.toc) ()
\openout0 = `xforms.toc'.


(/disks/vol1/jon/projects/jlighting_system_NEW/jlc_linuxgui/xforms-1.2.5pre1/do
c/xforms.aux)
\openout1 = `xforms.aux'.

texinfo.tex: doing @include of part0_preface.texi


(/disks/vol1/jon/projects/jlighting_system_NEW/jlc_linuxgui/xforms-1.2.5pre1/do
c/part0_preface.texi (@emph {Preface})
Underfull \hbox (badness 10000) in paragraph at lines 20--30


@hbox(0.0+0.0)x433.62
.@penalty -10000
.@glue(@rightskip) 0.0


Underfull \hbox (badness 10000) in paragraph at lines 20--30


@hbox(0.0+0.0)x433.62
.@penalty -10000
.@glue(@rightskip) 0.0


Underfull \hbox (badness 10000) in paragraph at lines 20--30


@hbox(0.0+0.0)x433.62
.@glue(@rightskip) 0.0

[1] [2]
Underfull \hbox (badness 10000) in paragraph at lines 150--156


@hbox(0.0+0.0)x433.62
.@penalty -10000
.@glue(@rightskip) 0.0


Underfull \hbox (badness 10000) in paragraph at lines 150--156


@hbox(0.0+0.0)x433.62
.@penalty -10000
.@glue(@rightskip) 0.0


Underfull \hbox (badness 10000) in paragraph at lines 150--156


@hbox(0.0+0.0)x433.62
.@penalty -10000
.@glue(@rightskip) 0.0


Underfull \hbox (badness 10000) in paragraph at lines 150--156


@hbox(0.0+0.0)x433.62
.@glue(@rightskip) 0.0

[3]
Underfull \hbox (badness 10000) in paragraph at lines 221--223
[]@textrm scm/guile bind-ing by Jo-hannes Lev-el-ing (@texttt <@textrm Johannes
.Leveling@Informatik.Uni-

@hbox(8.2125+2.73749)x433.62, glue set 6.3333
.@hbox(0.0+0.0)x0.0
.@textrm s
.@textrm c
.@textrm m
.@textrm /
.etc.

[4])
texinfo.tex: doing @include of part1.texi


(/disks/vol1/jon/projects/jlighting_system_NEW/jlc_linuxgui/xforms-1.2.5pre1/do
c/part1.texi (@emph {Part I - Using the Forms Library}) [5])
texinfo.tex: doing @include of part1_introduction.texi


(/disks/vol1/jon/projects/jlighting_system_NEW/jlc_linuxgui/xforms-1.2.5pre1/do
c/part1_introduction.texi Chapter 1 [6])
texinfo.tex: doing @include of part1_getting_started.texi


(/disks/vol1/jon/projects/jlighting_system_NEW/jlc_linuxgui/xforms-1.2.5pre1/do
c/part1_getting_started.texi Chapter 2 [7] [8]
/disks/vol1/jon/projects/jlighting_system_NEW/jlc_linuxgui/xforms-1.2.5pre1/doc
/part1_getting_started.texi:88: epsf.tex not found, images will be ignored.
@image ...f.tex not found, images will be ignored}
                                                  @global @warnednoepsftrue ...
<argument> ...es @image {xforms_images/pushme,5cm}
                                                  @unskip @hfil 
@centersub ...enalty @fi @line {@kern @leftskip #1
                                                  @kern @rightskip }
@\center ...{@hfil @ignorespaces #1@unskip @hfil }
                                                  @let @centersub @relax 
l.88 @center @image{xforms_images/pushme,5cm}
                                             
@epsf.tex must be installed for images to work. It is also included in the Texi
nfo distribution, or you can get it from https://ctan.org/texarchive/macros/tex
info/texinfo/doc/epsf.tex. 

[9] [10] [11] [12])
texinfo.tex: doing @include of part1_defining_forms.texi


(/disks/vol1/jon/projects/jlighting_system_NEW/jlc_linuxgui/xforms-1.2.5pre1/do
c/part1_defining_forms.texi Chapter 3 [13]
@fnindfile=@write2
\openout2 = `xforms.fn'.


Writing index file xforms.fn
@tpindfile=@write3
\openout3 = `xforms.tp'.

Writing index file xforms.tp
[14] [15] [16] [17] [18] [19] [20] [21] [22] [23] [24] [25] [26] [27] [28]
[29] [30] [31] [32])
texinfo.tex: doing @include of part1_doing_interaction.texi


(/disks/vol1/jon/projects/jlighting_system_NEW/jlc_linuxgui/xforms-1.2.5pre1/do
c/part1_doing_interaction.texi Chapter 4 [33] [34] [35] [36] [37] [38] [39]
[40] [41]
Underfull \hbox (badness 10000) in paragraph at lines 726--736
@texttt ALWAYS], page 42[][][] @textrm and [][]@texttt [FL_RETURN_NONE], page 4
2[][][] @textrm can be log-i-cally @texttt OR[]@textrm 'ed.

@hbox(7.60416+2.43333)x433.62, glue set 6.13078
.@texttt A
.@texttt L
.@texttt W
.@texttt A
.@texttt Y
.etc.

[42] [43] [44] [45] [46] [47] [48] [49] [50] [51])
texinfo.tex: doing @include of part1_free_objects.texi


(/disks/vol1/jon/projects/jlighting_system_NEW/jlc_linuxgui/xforms-1.2.5pre1/do
c/part1_free_objects.texi Chapter 5 [52] [53] [54] [55] [56] [57] [58] [59]
[60] [61] [62] [63])
texinfo.tex: doing @include of part1_goodies.texi


(/disks/vol1/jon/projects/jlighting_system_NEW/jlc_linuxgui/xforms-1.2.5pre1/do
c/part1_goodies.texi Chapter 6 [64] [65] [66] [67] [68] [69] [70] [71] [72]
[73] [74] [75] [76]) [77]
texinfo.tex: doing @include of part2.texi


(/disks/vol1/jon/projects/jlighting_system_NEW/jlc_linuxgui/xforms-1.2.5pre1/do
c/part2.texi (@emph {Part II - The Form Designer}) [78])
texinfo.tex: doing @include of part2_introduction.texi


(/disks/vol1/jon/projects/jlighting_system_NEW/jlc_linuxgui/xforms-1.2.5pre1/do
c/part2_introduction.texi Chapter 7 [79])
texinfo.tex: doing @include of part2_getting_started.texi


(/disks/vol1/jon/projects/jlighting_system_NEW/jlc_linuxgui/xforms-1.2.5pre1/do
c/part2_getting_started.texi Chapter 8 [80] [81])
texinfo.tex: doing @include of part2_command_line.texi


(/disks/vol1/jon/projects/jlighting_system_NEW/jlc_linuxgui/xforms-1.2.5pre1/do
c/part2_command_line.texi Chapter 9 [82] [83]
Underfull \hbox (badness 10000) in paragraph at lines 104--105
 @textrm string (e.g.,

@hbox(8.2125+2.73749)x86.72267, glue set 10.8939
.@glue(@leftskip) 12.0
.@textrm s
.@textrm t
.@textrm r
.@textrm i
.etc.

)
texinfo.tex: doing @include of part2_creating_forms.texi


(/disks/vol1/jon/projects/jlighting_system_NEW/jlc_linuxgui/xforms-1.2.5pre1/do
c/part2_creating_forms.texi Chapter 10 [84] [85] [86] [87] [88] [89] [90])
texinfo.tex: doing @include of part2_saving_loading.texi


(/disks/vol1/jon/projects/jlighting_system_NEW/jlc_linuxgui/xforms-1.2.5pre1/do
c/part2_saving_loading.texi Chapter 11 [91] [92] [93] [94] [95] [96])
texinfo.tex: doing @include of part2_language_filters.texi


(/disks/vol1/jon/projects/jlighting_system_NEW/jlc_linuxgui/xforms-1.2.5pre1/do
c/part2_language_filters.texi Chapter 12 [97] [98])
texinfo.tex: doing @include of part2_generating_hardcopies.texi


(/disks/vol1/jon/projects/jlighting_system_NEW/jlc_linuxgui/xforms-1.2.5pre1/do
c/part2_generating_hardcopies.texi Chapter 13 [99] [100])
texinfo.tex: doing @include of part3.texi


(/disks/vol1/jon/projects/jlighting_system_NEW/jlc_linuxgui/xforms-1.2.5pre1/do
c/part3.texi (@emph {Part III - Object Classes}) [101])
texinfo.tex: doing @include of part3_introduction.texi


(/disks/vol1/jon/projects/jlighting_system_NEW/jlc_linuxgui/xforms-1.2.5pre1/do
c/part3_introduction.texi Chapter 14 [102] [103])
texinfo.tex: doing @include of part3_static_objects.texi


(/disks/vol1/jon/projects/jlighting_system_NEW/jlc_linuxgui/xforms-1.2.5pre1/do
c/part3_static_objects.texi Chapter 15 [104] [105] [106] [107] [108] [109]
[110] [111] [112] [113] [114])
texinfo.tex: doing @include of part3_buttons.texi


(/disks/vol1/jon/projects/jlighting_system_NEW/jlc_linuxgui/xforms-1.2.5pre1/do
c/part3_buttons.texi Chapter 16 [115] [116] [117]
Underfull \hbox (badness 10000) in paragraph at lines 219--240
[]@textrm Except for the [][]@texttt [FL_HIDDEN_BUTTON], page 118[][][] @textrm
 and [][]@texttt [FL_HIDDEN_RET_BUTTON],

@hbox(7.60416+2.43333)x433.62, glue set 4.93367
.@hbox(0.0+0.0)x0.0
.@textrm E
.@textrm x
.@textrm c
.@textrm e
.etc.

[118] [119]
Underfull \hbox (badness 10000) in paragraph at lines 337--350
@texttt page 240[][][]@textrm , [][]@texttt [FL_RIGHT_MOUSE], page 240[][][]@te
xtrm , [][]@texttt [FL_SCROLLUP_MOUSE], page 240[][][] @textrm or

@hbox(7.60416+2.43333)x433.62, glue set 7.64825
.@texttt p
.@texttt a
.@texttt g
.@texttt e
.@penalty 10000
.etc.

[120] [121])
texinfo.tex: doing @include of part3_valuator_objects.texi


(/disks/vol1/jon/projects/jlighting_system_NEW/jlc_linuxgui/xforms-1.2.5pre1/do
c/part3_valuator_objects.texi Chapter 17 [122] [123] [124] [125] [126] [127]
[128] [129] [130] [131] [132]
Underfull \hbox (badness 10000) in paragraph at lines 1038--1043
@texttt page 240[][][]@textrm , [][]@texttt [FL_RIGHT_MOUSE], page 240[][][]@te
xtrm , [][]@texttt [FL_SCROLLUP_MOUSE], page 240[][][] @textrm or

@hbox(7.60416+2.43333)x433.62, glue set 7.64825
.@texttt p
.@texttt a
.@texttt g
.@texttt e
.@penalty 10000
.etc.

[133]
Overfull \hbox (14.94176pt too wide) in paragraph at lines 1164--1164
 []@texttt void fl_get_positioner_xbounds(FL_OBJECT *obj, double *min, double *
max);[] |

@hbox(7.60416+2.43333)x433.62
.@glue(@leftskip) 28.90755
.@hbox(0.0+0.0)x0.0
.@texttt v
.@texttt o
.@texttt i
.etc.


Overfull \hbox (14.94176pt too wide) in paragraph at lines 1165--1165
 []@texttt void fl_get_positioner_ybounds(FL_OBJECT *obj, double *min, double *
max);[] |

@hbox(7.60416+2.43333)x433.62
.@glue(@leftskip) 28.90755
.@hbox(0.0+0.0)x0.0
.@texttt v
.@texttt o
.@texttt i
.etc.

[134] [135] [136] [137] [138]
Underfull \hbox (badness 7186) in paragraph at lines 1677--1684
@texttt page 285[][][]@textrm , [][]@texttt [fl_set_object_lsize()], page 285[]
[][] @textrm and [][]@texttt [fl_set_object_lstyle()],

@hbox(7.60416+2.43333)x433.62, glue set 4.15967
.@texttt p
.@texttt a
.@texttt g
.@texttt e
.@penalty 10000
.etc.

[139] [140] [141])
texinfo.tex: doing @include of part3_input_objects.texi


(/disks/vol1/jon/projects/jlighting_system_NEW/jlc_linuxgui/xforms-1.2.5pre1/do
c/part3_input_objects.texi Chapter 18 [142] [143] [144] [145] [146] [147]
[148] [149] [150] [151])
texinfo.tex: doing @include of part3_choice_objects.texi


(/disks/vol1/jon/projects/jlighting_system_NEW/jlc_linuxgui/xforms-1.2.5pre1/do
c/part3_choice_objects.texi Chapter 19 [152] [153] [154] [155] [156] [157]
Underfull \hbox (badness 10000) in paragraph at lines 520--524
[][]@texttt [fl_popup_set_color()], page 213[][][] @textrm and [][]@texttt [fl_
popup_entry_set_font()], page 213[][][]

@hbox(7.60416+2.43333)x433.62, glue set 4.44281
.@pdfstartlink(*+*)x* attr{/Border [0 0 0]} action goto name{fl_popup_set_color
\(\)}
.@pdfliteral{0 0 0 rg 0 0 0 RG}
.@texttt [
.@texttt f
.@texttt l
.etc.

[158] [159] [160] [161] [162] [163] [164] [165] [166] [167] [168] [169]
[170] [171] [172])
texinfo.tex: doing @include of part3_container_objects.texi


(/disks/vol1/jon/projects/jlighting_system_NEW/jlc_linuxgui/xforms-1.2.5pre1/do
c/part3_container_objects.texi Chapter 20 [173] [174] [175] [176] [177]
[178] [179] [180])
texinfo.tex: doing @include of part3_other_objects.texi


(/disks/vol1/jon/projects/jlighting_system_NEW/jlc_linuxgui/xforms-1.2.5pre1/do
c/part3_other_objects.texi Chapter 21 [181]
Underfull \hbox (badness 7379) in paragraph at lines 92--96
@textrm of [][]@texttt [FL_RETURN_CHANGED], page 41[][][]@textrm , [][]@texttt 
[FL_RETURN_END], page 41[][][]@textrm , [][]@texttt [FL_RETURN_END_

@hbox(7.60416+2.43333)x433.62, glue set 4.19589
.@textrm o
.@textrm f
.@glue 3.65 plus 1.825 minus 1.21666
.@pdfstartlink(*+*)x* attr{/Border [0 0 0]} action goto name{FL_RETURN_CHANGED}

.@pdfliteral{0 0 0 rg 0 0 0 RG}
.etc.

[182] [183] [184]
Overfull \hbox (26.43913pt too wide) in paragraph at lines 364--364
 []@texttt void fl_set_xyplot_data_double(FL_OBJECT *obj, double *x, double *y,
 int n,[] |

@hbox(7.60416+2.43333)x433.62
.@glue(@leftskip) 28.90755
.@hbox(0.0+0.0)x0.0
.@texttt v
.@texttt o
.@texttt i
.etc.

[185] [186] [187] [188] [189] [190] [191] [192] [193] [194] [195] [196]
[197])
texinfo.tex: doing @include of part3_popups.texi


(/disks/vol1/jon/projects/jlighting_system_NEW/jlc_linuxgui/xforms-1.2.5pre1/do
c/part3_popups.texi Chapter 22 [198] [199] [200] [201] [202] [203] [204]
[205] [206] [207] [208] [209] [210] [211] [212] [213] [214])
texinfo.tex: doing @include of part3_deprecated_objects.texi


(/disks/vol1/jon/projects/jlighting_system_NEW/jlc_linuxgui/xforms-1.2.5pre1/do
c/part3_deprecated_objects.texi Chapter 23 [215] [216] [217] [218]
Underfull \hbox (badness 10000) in paragraph at lines 308--315
@texttt setpup_default_fontsize()], page 232[][][] @textrm and [][]@texttt [fl_
setpup_default_fontstyle()],

@hbox(7.60416+2.43333)x433.62, glue set 5.44281
.@texttt s
.@texttt e
.@texttt t
.@texttt p
.@texttt u
.etc.

[219] [220] [221] [222] [223] [224] [225] [226] [227]
Underfull \hbox (badness 7558) in paragraph at lines 1080--1084
[]@textrm where @texttt popup_id[] @textrm is the popup ID re-turned by [][]@te
xttt [fl_newpup()], page 224[][][] @textrm or

@hbox(7.60416+2.43333)x433.62, glue set 4.23207
.@hbox(0.0+0.0)x0.0
.@textrm w
.@textrm h
.@textrm e
.@textrm r
.etc.

[228] [229] [230] [231] [232])
texinfo.tex: doing @include of part4.texi


(/disks/vol1/jon/projects/jlighting_system_NEW/jlc_linuxgui/xforms-1.2.5pre1/do
c/part4.texi (@emph {Part IV - Designing Object Classes}) [233])
texinfo.tex: doing @include of part4_introduction.texi


(/disks/vol1/jon/projects/jlighting_system_NEW/jlc_linuxgui/xforms-1.2.5pre1/do
c/part4_introduction.texi Chapter 24 [234])
texinfo.tex: doing @include of part4_global_structure.texi


(/disks/vol1/jon/projects/jlighting_system_NEW/jlc_linuxgui/xforms-1.2.5pre1/do
c/part4_global_structure.texi Chapter 25 [235] [236] [237])
texinfo.tex: doing @include of part4_events.texi


(/disks/vol1/jon/projects/jlighting_system_NEW/jlc_linuxgui/xforms-1.2.5pre1/do
c/part4_events.texi Chapter 26 [238] [239] [240] [241] [242])
texinfo.tex: doing @include of part4_fl_object.texi


(/disks/vol1/jon/projects/jlighting_system_NEW/jlc_linuxgui/xforms-1.2.5pre1/do
c/part4_fl_object.texi Chapter 27 [243]
Underfull \hbox (badness 10000) in paragraph at lines 62--69
 @textrm The op-tions are @texttt FL_RESIZE_NONE[]@textrm , @texttt FL_RESIZE_X
[]@textrm , @texttt FL_RESIZE_Y[] @textrm and

@hbox(7.60416+2.12917)x433.62, glue set 4.6366
.@glue(@leftskip) 57.81621
.@textrm T
.@textrm h
.@textrm e
.@glue 3.65 plus 1.825 minus 1.21666
.etc.

[244]
Underfull \hbox (badness 10000) in paragraph at lines 115--127
 @texttt page 27[][][]@textrm , [][]@texttt [FL_ALIGN_BOTTOM], page 27[][][]@te
xtrm , [][]@texttt [FL_ALIGN_CENTER], page 27[][][]@textrm ,

@hbox(7.60416+2.43333)x433.62, glue set 5.34877
.@glue(@leftskip) 57.81621
.@texttt p
.@texttt a
.@texttt g
.@texttt e
.etc.


Underfull \hbox (badness 10000) in paragraph at lines 115--127
 [][]@texttt [FL_ALIGN_LEFT_TOP], page 28[][][]@textrm , [][]@texttt [FL_ALIGN_
RIGHT_TOP], page 28[][][]@textrm ,

@hbox(7.60416+2.43333)x433.62, glue set 18.67087
.@glue(@leftskip) 57.81621
.@pdfstartlink(*+*)x* attr{/Border [0 0 0]} action goto name{FL_ALIGN_LEFT_TOP}

.@pdfliteral{0 0 0 rg 0 0 0 RG}
.@texttt [
.@texttt F
.etc.


Underfull \hbox (badness 10000) in paragraph at lines 115--127
 [][]@texttt [FL_ALIGN_LEFT_BOTTOM], page 28[][][] @textrm and [][]@texttt [FL_
ALIGN_RIGHT_BOTTOM],

@hbox(7.60416+2.43333)x433.62, glue set 10.07755
.@glue(@leftskip) 57.81621
.@pdfstartlink(*+*)x* attr{/Border [0 0 0]} action goto name{FL_ALIGN_LEFT_BOTT
OM}
.@pdfliteral{0 0 0 rg 0 0 0 RG}
.@texttt [
.@texttt F
.etc.

[245] [246] [247] [248]
Overfull \hbox (26.43913pt too wide) in paragraph at lines 373--373
 []@texttt obj->bw         = borderWidth_resource_set ? resource_val : FL_BOUND
_WIDTH;[] |

@hbox(6.69167+2.43333)x433.62
.@glue(@leftskip) 28.90755
.@hbox(0.0+0.0)x0.0
.@texttt o
.@texttt b
.@texttt j
.etc.

[249])
texinfo.tex: doing @include of part4_drawing_objects.texi


(/disks/vol1/jon/projects/jlighting_system_NEW/jlc_linuxgui/xforms-1.2.5pre1/do
c/part4_drawing_objects.texi Chapter 28 [250] [251] [252] [253] [254] [255]
[256] [257] [258]
Underfull \hbox (badness 10000) in paragraph at lines 770--774
 []@textrm Dashed line, but the dash pat-tern is user de-fin-able via [][]@text
tt [fl_

@hbox(7.60416+2.12917)x433.62, glue set 4.72227
.@glue(@leftskip) 57.81621
.@hbox(0.0+0.0)x0.0
.@textrm D
.@textrm a
.@textrm s
.etc.

[259] [260])
texinfo.tex: doing @include of part4_an_example.texi


(/disks/vol1/jon/projects/jlighting_system_NEW/jlc_linuxgui/xforms-1.2.5pre1/do
c/part4_an_example.texi Chapter 29 [261] [262] [263])
texinfo.tex: doing @include of part4_new_buttons.texi


(/disks/vol1/jon/projects/jlighting_system_NEW/jlc_linuxgui/xforms-1.2.5pre1/do
c/part4_new_buttons.texi Chapter 30 [264] [265] [266] [267] [268] [269]
[270])
texinfo.tex: doing @include of part4_preemptive_handler.texi


(/disks/vol1/jon/projects/jlighting_system_NEW/jlc_linuxgui/xforms-1.2.5pre1/do
c/part4_preemptive_handler.texi Chapter 31 [271]
Underfull \hbox (badness 10000) in paragraph at lines 65--71
[][]@texttt [fl_deactivate_form()], page 293[][][] @textrm or [][]@texttt [fl_d
eactivate_all_forms()], page 293[][][]@textrm )

@hbox(8.2125+2.73749)x433.62, glue set 5.43448
.@pdfstartlink(*+*)x* attr{/Border [0 0 0]} action goto name{fl_deactivate_form
\(\)}
.@pdfliteral{0 0 0 rg 0 0 0 RG}
.@texttt [
.@texttt f
.@texttt l
.etc.

)
texinfo.tex: doing @include of part5.texi


(/disks/vol1/jon/projects/jlighting_system_NEW/jlc_linuxgui/xforms-1.2.5pre1/do
c/part5.texi (@emph {Part V - General Informations}) [272])
texinfo.tex: doing @include of part5_overview.texi


(/disks/vol1/jon/projects/jlighting_system_NEW/jlc_linuxgui/xforms-1.2.5pre1/do
c/part5_overview.texi Chapter 32 [273] [274] [275]
Underfull \hbox (badness 10000) in paragraph at lines 306--307
@texttt int

@hbox(6.69167+0.0)x108.405
.@texttt i
.@texttt n
.@texttt t
.@glue(@rightskip) 0.0


Underfull \hbox (badness 10000) in paragraph at lines 322--323
@texttt int

@hbox(6.69167+0.0)x108.405
.@texttt i
.@texttt n
.@texttt t
.@glue(@rightskip) 0.0


Underfull \hbox (badness 10000) in paragraph at lines 330--331
@texttt int

@hbox(6.69167+0.0)x108.405
.@texttt i
.@texttt n
.@texttt t
.@glue(@rightskip) 0.0

[276] [277] [278] [279] [280] [281] [282] [283] [284] [285] [286] [287]
[288] [289] [290] [291] [292] [293]
Overfull \hbox (20.69044pt too wide) in paragraph at lines 1933--1933
 []@texttt FL_APPEVENT_CB fl_set_event_callback(FL_APPEVENT_CB callback, void *
data);[] |

@hbox(7.60416+1.52081)x433.62
.@glue(@leftskip) 28.90755
.@hbox(0.0+0.0)x0.0
.@texttt F
.@texttt L
.@texttt _
.etc.

[294] [295] [296]
@vrindfile=@write4
\openout4 = `xforms.vr'.


Writing index file xforms.vr
[297]
Underfull \hbox (badness 10000) in paragraph at lines 2254--2261
 @texttt or StaticGray[]. Al-ter-na-tively, the func-tions [][][fl_get_vclass()
],

@hbox(7.60416+2.43333)x433.62
.@glue(@leftskip) 57.81621
.@texttt o
.@texttt r
.@glue(@spaceskip) 3.65
.@texttt S
.etc.

[298])
texinfo.tex: doing @include of part5_useful_functions.texi


(/disks/vol1/jon/projects/jlighting_system_NEW/jlc_linuxgui/xforms-1.2.5pre1/do
c/part5_useful_functions.texi Chapter 33 [299] [300]
Underfull \hbox (badness 10000) in paragraph at lines 140--145
 []@texttt ExposureMask[]@textrm , @texttt KeyPressMask[]@textrm , @texttt KeyR
eleaseMask[]@textrm , @texttt ButtonPressMask[]@textrm ,

@hbox(6.69167+2.43333)x433.62, glue set 7.01472
.@glue(@leftskip) 57.81621
.@hbox(0.0+0.0)x0.0
.@texttt E
.@texttt x
.@texttt p
.etc.


Underfull \hbox (badness 10000) in paragraph at lines 140--145
 @texttt ButtonReleaseMask[]@textrm , @texttt OwnerGrabButtonMask[]@textrm , @t
exttt ButtonMotionMask[]@textrm ,

@hbox(6.69167+2.12917)x433.62, glue set 13.24875
.@glue(@leftskip) 57.81621
.@texttt B
.@texttt u
.@texttt t
.@texttt t
.etc.

[301] [302] [303] [304] [305])
texinfo.tex: doing @include of part5_resources.texi


(/disks/vol1/jon/projects/jlighting_system_NEW/jlc_linuxgui/xforms-1.2.5pre1/do
c/part5_resources.texi Chapter 34 [306] [307] [308] [309] [310])
texinfo.tex: doing @include of part5_dirty_tricks.texi


(/disks/vol1/jon/projects/jlighting_system_NEW/jlc_linuxgui/xforms-1.2.5pre1/do
c/part5_dirty_tricks.texi Chapter 35 [311] [312])
texinfo.tex: doing @include of part5_trouble_shooting.texi


(/disks/vol1/jon/projects/jlighting_system_NEW/jlc_linuxgui/xforms-1.2.5pre1/do
c/part5_trouble_shooting.texi Chapter 36 [313] [314])
texinfo.tex: doing @include of part6.texi


(/disks/vol1/jon/projects/jlighting_system_NEW/jlc_linuxgui/xforms-1.2.5pre1/do
c/part6.texi (@emph {Part VI - Image Support API}) [315])
texinfo.tex: doing @include of part6_images.texi


(/disks/vol1/jon/projects/jlighting_system_NEW/jlc_linuxgui/xforms-1.2.5pre1/do
c/part6_images.texi Chapter 37 [316] [317] [318] [319] [320] [321] [322]
[323] [324] [325]
Underfull \hbox (badness 10000) in paragraph at lines 744--745
 @textrm need pbm-plus/netpbm

@hbox(8.2125+2.73749)x130.08731, glue set 5.33864
.@glue(@leftskip) 12.0
.@textrm n
.@textrm e
.@textrm e
.@textrm d
.etc.

[326] [327] [328] [329] [330] [331] [332] [333] [334] [335] [336] [337]
[338] [339] [340] [341] [342] [343] [344] [345] [346]) (Index of Functions)
[347]
(/disks/vol1/jon/projects/jlighting_system_NEW/jlc_linuxgui/xforms-1.2.5pre1/do
c/xforms.fns [348] [349] [350] [351] [352] [353] [354] [355])
(Index of Global Variables) [356]
(/disks/vol1/jon/projects/jlighting_system_NEW/jlc_linuxgui/xforms-1.2.5pre1/do
c/xforms.vrs) (Index of Constants) [357]
(/disks/vol1/jon/projects/jlighting_system_NEW/jlc_linuxgui/xforms-1.2.5pre1/do
c/xforms.tps [358] [359] [360]) [361] ) 
Here is how much of TeX's memory you used:
 10493 strings out of 497099
 205248 string characters out of 6206935
 197752 words of memory out of 5000000
 9460 multiletter control sequences out of 15000+600000
 34203 words of font info for 119 fonts, out of 8000000 for 9000
 51 hyphenation exceptions out of 8191
 20i,6n,16p,331b,769s stack positions out of 5000i,500n,10000p,200000b,80000s
</usr/share/texlive/texmf-dist/fonts/typ
e1/public/amsfonts/cm/cmb10.pfb></usr/share/texlive/texmf-dist/fonts/type1/publ
ic/amsfonts/cm/cmbx12.pfb></usr/share/texlive/texmf-dist/fonts/type1/public/ams
fonts/cm/cmbxti10.pfb></usr/share/texlive/texmf-dist/fonts/type1/public/amsfont
s/cm/cmmi10.pfb></usr/share/texlive/texmf-dist/fonts/type1/public/amsfonts/cm/c
mmi12.pfb></usr/share/texlive/texmf-dist/fonts/type1/public/amsfonts/cm/cmmi9.p
fb></usr/share/texlive/texmf-dist/fonts/type1/public/amsfonts/cm/cmr10.pfb></us
r/share/texlive/texmf-dist/fonts/type1/public/amsfonts/cm/cmr7.pfb></usr/share/
texlive/texmf-dist/fonts/type1/public/amsfonts/cm/cmr9.pfb></usr/share/texlive/
texmf-dist/fonts/type1/public/amsfonts/cm/cmsltt10.pfb></usr/share/texlive/texm
f-dist/fonts/type1/public/amsfonts/cm/cmsy10.pfb></usr/share/texlive/texmf-dist
/fonts/type1/public/amsfonts/cm/cmti10.pfb></usr/share/texlive/texmf-dist/fonts
/type1/public/amsfonts/cm/cmtt10.pfb></usr/share/texlive/texmf-dist/fonts/type1
/public/amsfonts/cm/cmtt12.pfb></usr/share/texlive/texmf-dist/fonts/type1/publi
c/amsfonts/cm/cmtt9.pfb>
Output written on xforms.pdf (371 pages, 1318566 bytes).
PDF statistics:
 8219 PDF objects out of 8907 (max. 8388607)
 7750 compressed objects within 78 object streams
 2001 named destinations out of 2073 (max. 500000)
 2741 words of extra memory for PDF output out of 10000 (max. 10000000)

